{"level":"info","message":"hello acquisitions api","service":"acquisitions-api"}
{"level":"info","message":"::1 - - [09/Feb/2026:04:03:11 +0000] \"GET / HTTP/1.1\" 200 13 \"-\" \"Mozilla/5.0 (X11; Linux x86_64) AppleWebKit/537.36 (KHTML, like Gecko) Chrome/144.0.0.0 Safari/537.36\"","service":"acquisitions-api"}
{"level":"info","message":"::1 - - [09/Feb/2026:04:03:11 +0000] \"GET /favicon.ico HTTP/1.1\" 404 150 \"-\" \"Mozilla/5.0 (X11; Linux x86_64) AppleWebKit/537.36 (KHTML, like Gecko) Chrome/144.0.0.0 Safari/537.36\"","service":"acquisitions-api"}
{"level":"info","message":"hello acquisitions api","service":"acquisitions-api"}
{"level":"info","message":"::1 - - [09/Feb/2026:04:03:12 +0000] \"GET / HTTP/1.1\" 304 - \"-\" \"Mozilla/5.0 (X11; Linux x86_64) AppleWebKit/537.36 (KHTML, like Gecko) Chrome/144.0.0.0 Safari/537.36\"","service":"acquisitions-api"}
{"level":"info","message":"hello acquisitions api","service":"acquisitions-api"}
{"level":"info","message":"::1 - - [09/Feb/2026:04:03:12 +0000] \"GET / HTTP/1.1\" 304 - \"-\" \"Mozilla/5.0 (X11; Linux x86_64) AppleWebKit/537.36 (KHTML, like Gecko) Chrome/144.0.0.0 Safari/537.36\"","service":"acquisitions-api"}
{"level":"info","message":"Server is running on port 3000","service":"acquisitions-api"}
{"level":"info","message":"hello acquisitions api","service":"acquisitions-api"}
{"level":"info","message":"::1 - - [09/Feb/2026:08:16:14 +0000] \"GET / HTTP/1.1\" 304 - \"-\" \"Mozilla/5.0 (X11; Linux x86_64) AppleWebKit/537.36 (KHTML, like Gecko) Chrome/144.0.0.0 Safari/537.36\"","service":"acquisitions-api"}
{"level":"info","message":"::1 - - [09/Feb/2026:08:18:52 +0000] \"GET /auth/sign-up HTTP/1.1\" 404 151 \"-\" \"Mozilla/5.0 (X11; Linux x86_64) AppleWebKit/537.36 (KHTML, like Gecko) Chrome/144.0.0.0 Safari/537.36\"","service":"acquisitions-api"}
{"level":"info","message":"hello acquisitions api","service":"acquisitions-api"}
{"level":"info","message":"::1 - - [09/Feb/2026:08:19:34 +0000] \"GET / HTTP/1.1\" 200 13 \"-\" \"PostmanRuntime/7.39.1\"","service":"acquisitions-api"}
{"level":"info","message":"::1 - - [09/Feb/2026:08:19:39 +0000] \"GET /auth HTTP/1.1\" 404 143 \"-\" \"PostmanRuntime/7.39.1\"","service":"acquisitions-api"}
{"level":"info","message":"::1 - - [09/Feb/2026:08:19:53 +0000] \"GET /auth/sign-up HTTP/1.1\" 404 151 \"-\" \"PostmanRuntime/7.39.1\"","service":"acquisitions-api"}
{"level":"info","message":"::1 - - [09/Feb/2026:08:20:07 +0000] \"POST /auth/sign-up HTTP/1.1\" 404 152 \"-\" \"PostmanRuntime/7.39.1\"","service":"acquisitions-api"}
{"error":{},"level":"error","message":"SignUp error","service":"acquisitions-api"}
{"level":"info","message":"::1 - - [09/Feb/2026:08:20:18 +0000] \"POST /api/auth/sign-up HTTP/1.1\" 500 1361 \"-\" \"PostmanRuntime/7.39.1\"","service":"acquisitions-api"}
{"level":"info","message":"Server is running on port 3000","service":"acquisitions-api"}
{"level":"info","message":"Server is running on port 3000","service":"acquisitions-api"}
{"level":"info","message":"Server is running on port 3000","service":"acquisitions-api"}
{"level":"info","message":"::1 - - [09/Feb/2026:08:22:13 +0000] \"POST /api/auth/sign-up HTTP/1.1\" 400 95 \"-\" \"PostmanRuntime/7.39.1\"","service":"acquisitions-api"}
{"level":"info","message":"Server is running on port 3000","service":"acquisitions-api"}
{"level":"info","message":"Server is running on port 3000","service":"acquisitions-api"}
{"level":"info","message":"::1 - - [09/Feb/2026:08:35:39 +0000] \"GET /api/auth/sign-up HTTP/1.1\" 404 155 \"-\" \"HTTPie\"","service":"acquisitions-api"}
{"level":"info","message":"hello acquisitions api","service":"acquisitions-api"}
{"level":"info","message":"::1 - - [09/Feb/2026:08:35:50 +0000] \"GET / HTTP/1.1\" 200 13 \"-\" \"HTTPie\"","service":"acquisitions-api"}
{"level":"info","message":"::1 - - [09/Feb/2026:08:35:59 +0000] \"GET /api/auth/sign-up HTTP/1.1\" 404 155 \"-\" \"HTTPie\"","service":"acquisitions-api"}
{"level":"info","message":"::1 - - [09/Feb/2026:08:36:16 +0000] \"POST /api/auth/sign-up HTTP/1.1\" 400 95 \"-\" \"HTTPie\"","service":"acquisitions-api"}
{"level":"info","message":"::1 - - [09/Feb/2026:08:38:09 +0000] \"POST /api/auth/sign-up HTTP/1.1\" 400 102 \"-\" \"HTTPie\"","service":"acquisitions-api"}
{"level":"info","message":"user registered with email: arvind@gmail.com and role: user","service":"acquisitions-api"}
{"level":"info","message":"::1 - - [09/Feb/2026:08:38:19 +0000] \"POST /api/auth/sign-up HTTP/1.1\" 201 114 \"-\" \"HTTPie\"","service":"acquisitions-api"}
{"level":"info","message":"Server is running on port 3000","service":"acquisitions-api"}
{"level":"info","message":"Server is running on port 3000","service":"acquisitions-api"}
{"level":"info","message":"Server is running on port 3000","service":"acquisitions-api"}
{"error":{"cause":{"code":"42P01","file":"parse_relation.c","line":"1449","name":"NeonDbError","position":"13","routine":"parserOpenTable","severity":"ERROR"},"params":["arvind","arvind@gmail.com","$2b$12$hz7FbEKevsD5LQ6saKKfiebPWjjsIFgYmFXRN2sCJqCr.xmVjg55y","user"],"query":"insert into \"users\" (\"id\", \"name\", \"email\", \"password\", \"role\", \"created_at\", \"updated_at\") values (default, $1, $2, $3, $4, default, default) returning \"id\""},"level":"error","message":"Error creating user","service":"acquisitions-api"}
{"error":{"cause":{"code":"42P01","file":"parse_relation.c","line":"1449","name":"NeonDbError","position":"13","routine":"parserOpenTable","severity":"ERROR"},"params":["arvind","arvind@gmail.com","$2b$12$hz7FbEKevsD5LQ6saKKfiebPWjjsIFgYmFXRN2sCJqCr.xmVjg55y","user"],"query":"insert into \"users\" (\"id\", \"name\", \"email\", \"password\", \"role\", \"created_at\", \"updated_at\") values (default, $1, $2, $3, $4, default, default) returning \"id\""},"level":"error","message":"SignUp error","service":"acquisitions-api"}
{"level":"info","message":"::1 - - [09/Feb/2026:08:59:01 +0000] \"POST /api/auth/sign-up HTTP/1.1\" 500 1188 \"-\" \"HTTPie\"","service":"acquisitions-api"}
{"level":"info","message":"Server is running on port 3000","service":"acquisitions-api"}
{"level":"info","message":"Server is running on port 3000","service":"acquisitions-api"}
{"error":{"cause":{"code":"42P01","file":"parse_relation.c","line":"1449","name":"NeonDbError","position":"13","routine":"parserOpenTable","severity":"ERROR"},"params":["arvind","arvind@gmail.com","$2b$12$sSim5NZfqYobQPm5cuNrQO1LyU0oCoctYDJ9K5M34/vv8OTkkWG4m","user"],"query":"insert into \"users\" (\"id\", \"name\", \"email\", \"password\", \"role\", \"created_at\", \"updated_at\") values (default, $1, $2, $3, $4, default, default) returning \"id\""},"level":"error","message":"Error creating user","service":"acquisitions-api"}
{"error":{"cause":{"code":"42P01","file":"parse_relation.c","line":"1449","name":"NeonDbError","position":"13","routine":"parserOpenTable","severity":"ERROR"},"params":["arvind","arvind@gmail.com","$2b$12$sSim5NZfqYobQPm5cuNrQO1LyU0oCoctYDJ9K5M34/vv8OTkkWG4m","user"],"query":"insert into \"users\" (\"id\", \"name\", \"email\", \"password\", \"role\", \"created_at\", \"updated_at\") values (default, $1, $2, $3, $4, default, default) returning \"id\""},"level":"error","message":"SignUp error","service":"acquisitions-api"}
{"level":"info","message":"::1 - - [09/Feb/2026:09:01:59 +0000] \"POST /api/auth/sign-up HTTP/1.1\" 500 1188 \"-\" \"HTTPie\"","service":"acquisitions-api"}
{"level":"info","message":"User created with email: arvind@gmail.com and role: user","service":"acquisitions-api"}
{"level":"info","message":"user registered with email: arvind@gmail.com and role: user","service":"acquisitions-api"}
{"level":"info","message":"::1 - - [09/Feb/2026:09:02:52 +0000] \"POST /api/auth/sign-up HTTP/1.1\" 201 57 \"-\" \"HTTPie\"","service":"acquisitions-api"}
